EDA Netlist Writer report for coco3fpga_dw
Mon Aug 02 15:46:33 2021
Quartus Prime Version 17.0.2 Build 602 07/19/2017 SJ Lite Edition


---------------------
; Table of Contents ;
---------------------
  1. Legal Notice
  2. EDA Netlist Writer Summary
  3. Simulation Settings
  4. Simulation Generated Files
  5. EDA Netlist Writer Messages



----------------
; Legal Notice ;
----------------
Copyright (C) 2017  Intel Corporation. All rights reserved.
Your use of Intel Corporation's design tools, logic functions 
and other software and tools, and its AMPP partner logic 
functions, and any output files from any of the foregoing 
(including device programming or simulation files), and any 
associated documentation or information are expressly subject 
to the terms and conditions of the Intel Program License 
Subscription Agreement, the Intel Quartus Prime License Agreement,
the Intel MegaCore Function License Agreement, or other 
applicable license agreement, including, without limitation, 
that your use is for the sole purpose of programming logic 
devices manufactured by Intel and sold by Intel or its 
authorized distributors.  Please refer to the applicable 
agreement for further details.



+-------------------------------------------------------------------+
; EDA Netlist Writer Summary                                        ;
+---------------------------+---------------------------------------+
; EDA Netlist Writer Status ; Successful - Mon Aug 02 15:46:33 2021 ;
; Revision Name             ; coco3fpga_dw                          ;
; Top-level Entity Name     ; coco3fpga_dw                          ;
; Family                    ; Cyclone IV E                          ;
; Simulation Files Creation ; Successful                            ;
+---------------------------+---------------------------------------+


+-------------------------------------------------------------------------------------------------------------------------------+
; Simulation Settings                                                                                                           ;
+---------------------------------------------------------------------------------------------------+---------------------------+
; Option                                                                                            ; Setting                   ;
+---------------------------------------------------------------------------------------------------+---------------------------+
; Tool Name                                                                                         ; ModelSim-Altera (Verilog) ;
; Generate functional simulation netlist                                                            ; Off                       ;
; Time scale                                                                                        ; 1 ps                      ;
; Truncate long hierarchy paths                                                                     ; Off                       ;
; Map illegal HDL characters                                                                        ; Off                       ;
; Flatten buses into individual nodes                                                               ; Off                       ;
; Maintain hierarchy                                                                                ; Off                       ;
; Bring out device-wide set/reset signals as ports                                                  ; Off                       ;
; Enable glitch filtering                                                                           ; Off                       ;
; Do not write top level VHDL entity                                                                ; Off                       ;
; Disable detection of setup and hold time violations in the input registers of bi-directional pins ; Off                       ;
; Architecture name in VHDL output netlist                                                          ; structure                 ;
; Generate third-party EDA tool command script for RTL functional simulation                        ; Off                       ;
; Generate third-party EDA tool command script for gate-level simulation                            ; Off                       ;
+---------------------------------------------------------------------------------------------------+---------------------------+


+-------------------------------------------------------------------------------------+
; Simulation Generated Files                                                          ;
+-------------------------------------------------------------------------------------+
; Generated Files                                                                     ;
+-------------------------------------------------------------------------------------+
; X:/COCO3_Mister/CoCo3FPGA/simulation/modelsim/coco3fpga_dw_7_1200mv_85c_slow.vo     ;
; X:/COCO3_Mister/CoCo3FPGA/simulation/modelsim/coco3fpga_dw_7_1200mv_0c_slow.vo      ;
; X:/COCO3_Mister/CoCo3FPGA/simulation/modelsim/coco3fpga_dw_min_1200mv_0c_fast.vo    ;
; X:/COCO3_Mister/CoCo3FPGA/simulation/modelsim/coco3fpga_dw.vo                       ;
; X:/COCO3_Mister/CoCo3FPGA/simulation/modelsim/coco3fpga_dw_7_1200mv_85c_v_slow.sdo  ;
; X:/COCO3_Mister/CoCo3FPGA/simulation/modelsim/coco3fpga_dw_7_1200mv_0c_v_slow.sdo   ;
; X:/COCO3_Mister/CoCo3FPGA/simulation/modelsim/coco3fpga_dw_min_1200mv_0c_v_fast.sdo ;
; X:/COCO3_Mister/CoCo3FPGA/simulation/modelsim/coco3fpga_dw_v.sdo                    ;
+-------------------------------------------------------------------------------------+


+-----------------------------+
; EDA Netlist Writer Messages ;
+-----------------------------+
Info: *******************************************************************
Info: Running Quartus Prime EDA Netlist Writer
    Info: Version 17.0.2 Build 602 07/19/2017 SJ Lite Edition
    Info: Processing started: Mon Aug 02 15:43:17 2021
Info: Command: quartus_eda --read_settings_files=off --write_settings_files=off coco3fpga_dw -c coco3fpga_dw
Info (204019): Generated file coco3fpga_dw_7_1200mv_85c_slow.vo in folder "X:/COCO3_Mister/CoCo3FPGA/simulation/modelsim/" for EDA simulation tool
Info (204019): Generated file coco3fpga_dw_7_1200mv_0c_slow.vo in folder "X:/COCO3_Mister/CoCo3FPGA/simulation/modelsim/" for EDA simulation tool
Info (204019): Generated file coco3fpga_dw_min_1200mv_0c_fast.vo in folder "X:/COCO3_Mister/CoCo3FPGA/simulation/modelsim/" for EDA simulation tool
Info (204019): Generated file coco3fpga_dw.vo in folder "X:/COCO3_Mister/CoCo3FPGA/simulation/modelsim/" for EDA simulation tool
Info (204019): Generated file coco3fpga_dw_7_1200mv_85c_v_slow.sdo in folder "X:/COCO3_Mister/CoCo3FPGA/simulation/modelsim/" for EDA simulation tool
Info (204019): Generated file coco3fpga_dw_7_1200mv_0c_v_slow.sdo in folder "X:/COCO3_Mister/CoCo3FPGA/simulation/modelsim/" for EDA simulation tool
Info (204019): Generated file coco3fpga_dw_min_1200mv_0c_v_fast.sdo in folder "X:/COCO3_Mister/CoCo3FPGA/simulation/modelsim/" for EDA simulation tool
Info (204019): Generated file coco3fpga_dw_v.sdo in folder "X:/COCO3_Mister/CoCo3FPGA/simulation/modelsim/" for EDA simulation tool
Info: Quartus Prime EDA Netlist Writer was successful. 0 errors, 0 warnings
    Info: Peak virtual memory: 5280 megabytes
    Info: Processing ended: Mon Aug 02 15:46:34 2021
    Info: Elapsed time: 00:03:17
    Info: Total CPU time (on all processors): 00:00:59


