IP Upgrade report for coco3fpga_dw
Sat Jul 24 20:33:49 2021
Quartus Prime Version 17.0.2 Build 602 07/19/2017 SJ Lite Edition


---------------------
; Table of Contents ;
---------------------
  1. Legal Notice
  2. IP Upgrade Summary
  3. Successfully Upgraded IP Components
  4. IP Upgrade Messages



----------------
; Legal Notice ;
----------------
Copyright (C) 2017  Intel Corporation. All rights reserved.
Your use of Intel Corporation's design tools, logic functions 
and other software and tools, and its AMPP partner logic 
functions, and any output files from any of the foregoing 
(including device programming or simulation files), and any 
associated documentation or information are expressly subject 
to the terms and conditions of the Intel Program License 
Subscription Agreement, the Intel Quartus Prime License Agreement,
the Intel MegaCore Function License Agreement, or other 
applicable license agreement, including, without limitation, 
that your use is for the sole purpose of programming logic 
devices manufactured by Intel and sold by Intel or its 
authorized distributors.  Please refer to the applicable 
agreement for further details.



+----------------------------------------------------------------------------+
; IP Upgrade Summary                                                         ;
+------------------------------+---------------------------------------------+
; IP Components Upgrade Status ; Passed - Sat Jul 24 20:33:49 2021           ;
; Quartus Prime Version        ; 17.0.2 Build 602 07/19/2017 SJ Lite Edition ;
; Revision Name                ; coco3fpga_dw                                ;
; Top-level Entity Name        ; coco3fpga_dw                                ;
; Family                       ; Cyclone IV E                                ;
+------------------------------+---------------------------------------------+


+---------------------------------------------------------------------------------------------------------------------------------------------------------+
; Successfully Upgraded IP Components                                                                                                                     ;
+-------------+----------------+---------+----------------------------------+--------------------------------+----------------------------------+---------+
; Entity Name ; Component Name ; Version ; Original Source File             ; Generation File Path           ; New Source File                  ; Message ;
+-------------+----------------+---------+----------------------------------+--------------------------------+----------------------------------+---------+
; UART_CLK    ; ALTPLL         ; 11.1    ; ../CoCO3FPGA_Common/UART_CLK.qip ; ../CoCO3FPGA_Common/UART_CLK.v ; ../CoCO3FPGA_Common/UART_CLK.qip ;         ;
; UART_CLK    ; ALTPLL         ; 11.1    ; ../CoCO3FPGA_Common/UART_CLK.qip ; ../CoCO3FPGA_Common/UART_CLK.v ; ../CoCO3FPGA_Common/UART_CLK.qip ;         ;
+-------------+----------------+---------+----------------------------------+--------------------------------+----------------------------------+---------+


+---------------------+
; IP Upgrade Messages ;
+---------------------+
Info (11902): Backing up file "../CoCO3FPGA_Common/UART_CLK.v" to "../CoCO3FPGA_Common/UART_CLK.BAK.v"
Info (11837): Started upgrading IP component ALTPLL with file "../CoCO3FPGA_Common/UART_CLK.v"
Info (11902): Backing up file "../CoCO3FPGA_Common/UART_CLK.v" to "../CoCO3FPGA_Common/UART_CLK.BAK.v"
Info (11837): Started upgrading IP component ALTPLL with file "../CoCO3FPGA_Common/UART_CLK.v"
Info (11131): Completed upgrading IP component ALTPLL with file "../CoCO3FPGA_Common/UART_CLK.v"
Info (11131): Completed upgrading IP component ALTPLL with file "../CoCO3FPGA_Common/UART_CLK.v"
Info (23030): Evaluation of Tcl script c:/intelfpga_lite/17.0/quartus/common/tcl/internal/ip_regen/ip_regen.tcl was successful
Info: Quartus Prime Shell was successful. 0 errors, 0 warnings
    Info: Peak virtual memory: 4873 megabytes
    Info: Processing ended: Sat Jul 24 20:33:49 2021
    Info: Elapsed time: 00:00:22
    Info: Total CPU time (on all processors): 00:00:30


