MIF/HEX Update report for coco3fpga_dw
Fri Apr 27 23:11:51 2018
Quartus II 64-Bit Version 11.1 Build 216 11/23/2011 Service Pack 1 SJ Full Version


---------------------
; Table of Contents ;
---------------------
  1. Legal Notice
  2. MIF/HEX Update Summary
  3. MIF/HEX Update Processed Files
  4. MIF/HEX Update Messages



----------------
; Legal Notice ;
----------------
Copyright (C) 1991-2011 Altera Corporation
Your use of Altera Corporation's design tools, logic functions 
and other software and tools, and its AMPP partner logic 
functions, and any output files from any of the foregoing 
(including device programming or simulation files), and any 
associated documentation or information are expressly subject 
to the terms and conditions of the Altera Program License 
Subscription Agreement, Altera MegaCore Function License 
Agreement, or other applicable license agreement, including, 
without limitation, that your use is for the sole purpose of 
programming logic devices manufactured by Altera and sold by 
Altera or its authorized distributors.  Please refer to the 
applicable agreement for further details.



+-----------------------------------------------------------+
; MIF/HEX Update Summary                                    ;
+-----------------------+-----------------------------------+
; MIF/HEX Update Status ; Failed - Fri Apr 27 23:11:51 2018 ;
; Revision Name         ; coco3fpga_dw                      ;
; Top-level Entity Name ; coco3fpga_dw                      ;
; Family                ; Cyclone IV E                      ;
; Device                ; EP4CE115F29C7                     ;
+-----------------------+-----------------------------------+


+--------------------------------+
; MIF/HEX Update Processed Files ;
+--------------------------------+
; File Name                      ;
+--------------------------------+


+-------------------------+
; MIF/HEX Update Messages ;
+-------------------------+
Info: *******************************************************************
Info: Running Quartus II 64-Bit MIF/HEX Update
    Info: Version 11.1 Build 216 11/23/2011 Service Pack 1 SJ Full Version
    Info: Processing started: Fri Apr 27 23:11:50 2018
Info: Command: quartus_cdb coco3fpga_dw -c coco3fpga_dw --update_mif
Warning (39023): Can't find Memory Initialization File disk02.mif -- skipped updates for this file
Warning (39023): Can't find Memory Initialization File disk02_02.mif -- skipped updates for this file
Warning (39023): Can't find Memory Initialization File vdac.mif -- skipped updates for this file
Warning (39023): Can't find Memory Initialization File coco3gen.mif -- skipped updates for this file
Error (39022): Found no valid Memory Initialization File to process
Error: Quartus II 64-Bit MIF/HEX Update was unsuccessful. 1 error, 4 warnings
    Error: Peak virtual memory: 525 megabytes
    Error: Processing ended: Fri Apr 27 23:11:51 2018
    Error: Elapsed time: 00:00:01
    Error: Total CPU time (on all processors): 00:00:01


